{"level":"info","message":"Server started","timestamp":"2025-04-29T11:11:35.022Z"}
{"level":"info","message":"Server started","timestamp":"2025-04-29T11:13:04.589Z"}
{"level":"info","message":"Server started","timestamp":"2025-04-29T11:13:18.123Z"}
{"level":"info","message":"Server started","timestamp":"2025-04-29T11:13:25.079Z"}
{"level":"info","message":"Server started","timestamp":"2025-04-29T11:13:35.913Z"}
{"level":"info","message":"Server started","timestamp":"2025-04-29T11:13:45.273Z"}
{"level":"info","message":"Server started","timestamp":"2025-04-29T11:13:48.817Z"}
{"level":"info","message":"Server started","timestamp":"2025-04-29T11:13:53.234Z"}
{"level":"info","message":"Server started","timestamp":"2025-04-29T11:14:24.955Z"}
{"level":"info","message":"Server started","timestamp":"2025-04-29T11:14:26.911Z"}
{"level":"error","message":"Danggg! Super admin bizda allaqachon bor","timestamp":"2025-04-29T11:15:12.617Z"}
{"level":"info","message":"Server started","timestamp":"2025-04-29T11:18:20.195Z"}
{"level":"info","message":"Server started","timestamp":"2025-04-29T11:18:21.005Z"}
{"level":"info","message":"Server started","timestamp":"2025-04-29T11:18:32.907Z"}
{"level":"info","message":"Server started","timestamp":"2025-04-29T11:18:34.593Z"}
{"level":"info","message":"Server started","timestamp":"2025-04-29T11:18:38.666Z"}
{"level":"info","message":"Server started","timestamp":"2025-04-29T11:18:41.809Z"}
{"level":"info","message":"Server started","timestamp":"2025-04-29T11:18:57.868Z"}
{"level":"info","message":"Server started","timestamp":"2025-04-29T11:19:00.911Z"}
{"level":"info","message":"Server started","timestamp":"2025-04-29T11:19:04.424Z"}
{"level":"info","message":"Server started","timestamp":"2025-04-29T11:19:07.892Z"}
{"level":"info","message":"Server started","timestamp":"2025-04-29T11:19:08.998Z"}
{"level":"info","message":"Kimdur saytga kirishga urinyabdi: ::1","timestamp":"2025-04-29T11:19:15.586Z"}
{"level":"info","message":"Server started","timestamp":"2025-04-29T11:27:10.056Z"}
{"level":"info","message":"Server started","timestamp":"2025-04-29T11:27:17.674Z"}
{"level":"info","message":"Server started","timestamp":"2025-04-29T11:27:19.774Z"}
{"level":"info","message":"Server started","timestamp":"2025-04-29T11:27:24.659Z"}
{"level":"info","message":"Server started","timestamp":"2025-04-29T11:27:28.708Z"}
{"level":"info","message":"Server started","timestamp":"2025-04-29T11:27:37.551Z"}
{"level":"info","message":"Kimdur saytga kirishga urinyabdi: ::1","timestamp":"2025-04-29T11:27:40.622Z"}
{"level":"info","message":"Bizga yangi admin qoshildi -> Murodjon","timestamp":"2025-04-29T11:28:41.830Z"}
{"level":"info","message":"Server started","timestamp":"2025-05-02T10:58:03.858Z"}
{"level":"info","message":"Server started","timestamp":"2025-05-02T11:07:41.054Z"}
{"level":"info","message":"","timestamp":"2025-05-02T11:08:08.428Z"}
{"level":"info","message":"Server runnin on port 2000","timestamp":"2025-05-02T11:08:15.531Z"}
{"level":"info","message":"Server running on port 2000","timestamp":"2025-05-02T11:08:21.511Z"}
{"level":"info","message":"Server running on port 2000","timestamp":"2025-05-02T11:10:45.603Z"}
{"level":"info","message":"Server running on port 2000","timestamp":"2025-05-02T11:10:48.507Z"}
{"level":"info","message":"Server running on port 2000","timestamp":"2025-05-02T11:10:51.669Z"}
{"level":"info","message":"Server running on port 2000","timestamp":"2025-05-02T11:10:53.432Z"}
{"level":"info","message":"Server running on port 2000","timestamp":"2025-05-03T09:49:33.091Z"}
{"level":"info","message":"Server running on port 2000","timestamp":"2025-05-03T09:50:37.683Z"}
{"level":"info","message":"Server running on port 2000","timestamp":"2025-05-03T09:50:47.973Z"}
{"level":"info","message":"Server running on port 2000","timestamp":"2025-05-03T09:51:12.814Z"}
{"level":"info","message":"Server running on port 2000","timestamp":"2025-05-03T09:51:58.347Z"}
{"level":"info","message":"Server running on port 2000","timestamp":"2025-05-03T09:52:00.692Z"}
{"level":"info","message":"Server running on port 2000","timestamp":"2025-05-03T09:52:11.484Z"}
{"level":"info","message":"Server running on port 2000","timestamp":"2025-05-03T09:52:41.630Z"}
{"level":"info","message":"Server running on port 2000","timestamp":"2025-05-03T09:53:07.277Z"}
{"level":"info","message":"Server running on port 2000","timestamp":"2025-05-03T09:53:12.590Z"}
{"level":"info","message":"Server running on port 2000","timestamp":"2025-05-03T09:53:15.463Z"}
{"level":"info","message":"Server running on port 2000","timestamp":"2025-05-03T09:54:06.729Z"}
{"level":"info","message":"Server running on port 2000","timestamp":"2025-05-03T09:54:08.629Z"}
{"level":"info","message":"Server running on port 2000","timestamp":"2025-05-03T09:55:57.331Z"}
{"level":"info","message":"Server running on port 2000","timestamp":"2025-05-03T09:58:26.170Z"}
{"level":"info","message":"Server running on port 2000","timestamp":"2025-05-03T09:58:32.238Z"}
{"level":"info","message":"Server running on port 2000","timestamp":"2025-05-03T09:58:54.386Z"}
{"level":"info","message":"Server running on port 2000","timestamp":"2025-05-03T09:59:04.925Z"}
{"level":"info","message":"Server running on port 2000","timestamp":"2025-05-03T09:59:06.857Z"}
{"level":"info","message":"Server running on port 2000","timestamp":"2025-05-03T09:59:49.746Z"}
{"level":"info","message":"Server running on port 2000","timestamp":"2025-05-03T10:00:10.507Z"}
{"level":"info","message":"Server running on port 2000","timestamp":"2025-05-03T10:00:26.497Z"}
{"level":"info","message":"Server running on port 2000","timestamp":"2025-05-03T10:00:32.021Z"}
{"level":"info","message":"Server running on port 2000","timestamp":"2025-05-03T10:00:35.974Z"}
{"level":"info","message":"Server running on port 2000","timestamp":"2025-05-03T10:00:39.375Z"}
{"level":"info","message":"Server running on port 2000","timestamp":"2025-05-03T10:04:08.585Z"}
{"level":"info","message":"Server running on port 2000","timestamp":"2025-05-03T10:04:51.640Z"}
{"level":"info","message":"Server running on port 2000","timestamp":"2025-05-03T10:05:14.766Z"}
{"level":"info","message":"Server running on port 2000","timestamp":"2025-05-03T10:05:16.176Z"}
{"level":"info","message":"Server running on port 2000","timestamp":"2025-05-03T10:05:55.758Z"}
{"level":"info","message":"Server running on port 2000","timestamp":"2025-05-03T12:17:46.125Z"}
